2020-12-14 20:49:37,101 INFO o.a.j.u.JMeterUtils: Setting Locale to es_ES
2020-12-14 20:49:37,122 INFO o.a.j.u.JMeterUtils: Could not find resources for 'es_ES', using 'es'
2020-12-14 20:49:37,123 INFO o.a.j.JMeter: Loading user properties from: user.properties
2020-12-14 20:49:37,123 INFO o.a.j.JMeter: Loading system properties from: system.properties
2020-12-14 20:49:37,139 INFO o.a.j.JMeter: Copyright (c) 1998-2020 The Apache Software Foundation
2020-12-14 20:49:37,139 INFO o.a.j.JMeter: Version 5.4
2020-12-14 20:49:37,139 INFO o.a.j.JMeter: java.version=1.8.0_261
2020-12-14 20:49:37,139 INFO o.a.j.JMeter: java.vm.name=Java HotSpot(TM) 64-Bit Server VM
2020-12-14 20:49:37,139 INFO o.a.j.JMeter: os.name=Windows 10
2020-12-14 20:49:37,139 INFO o.a.j.JMeter: os.arch=amd64
2020-12-14 20:49:37,139 INFO o.a.j.JMeter: os.version=10.0
2020-12-14 20:49:37,139 INFO o.a.j.JMeter: file.encoding=Cp1252
2020-12-14 20:49:37,139 INFO o.a.j.JMeter: java.awt.headless=null
2020-12-14 20:49:37,140 INFO o.a.j.JMeter: Max memory     =1888485376
2020-12-14 20:49:37,140 INFO o.a.j.JMeter: Available Processors =8
2020-12-14 20:49:37,153 INFO o.a.j.JMeter: Default Locale=español (España)
2020-12-14 20:49:37,153 INFO o.a.j.JMeter: JMeter  Locale=español (España)
2020-12-14 20:49:37,153 INFO o.a.j.JMeter: JMeterHome=C:\Users\xaviv\Desktop\JAVIER\UNIVERSIDAD\CURSO 20.21\CURSO\1º CUATRI\INGENIERIA DE SERVIDORES\PRACTICAS\PRACTICA4\apache-jmeter-5.4
2020-12-14 20:49:37,154 INFO o.a.j.JMeter: user.dir  =C:\Users\xaviv\Desktop\JAVIER\UNIVERSIDAD\CURSO 20.21\CURSO\1º CUATRI\INGENIERIA DE SERVIDORES\PRACTICAS\PRACTICA4\apache-jmeter-5.4\bin
2020-12-14 20:49:37,154 INFO o.a.j.JMeter: PWD       =C:\Users\xaviv\Desktop\JAVIER\UNIVERSIDAD\CURSO 20.21\CURSO\1º CUATRI\INGENIERIA DE SERVIDORES\PRACTICAS\PRACTICA4\apache-jmeter-5.4\bin
2020-12-14 20:49:37,157 INFO o.a.j.JMeter: IP: 169.254.150.248 Name: DESKTOP-D6KLFMO FullName: DESKTOP-D6KLFMO
2020-12-14 20:49:37,384 INFO o.a.j.JMeter: Setting LAF to: com.github.weisj.darklaf.DarkLaf:com.github.weisj.darklaf.theme.DarculaTheme
2020-12-14 20:49:38,133 INFO o.a.j.JMeter: Loaded icon properties from org/apache/jmeter/images/icon.properties
